<?xml version="1.0" encoding="UTF-8"?>
<!-- Generated by org.testng.reporters.JUnitXMLReporter -->
<testsuite ignored="0" hostname="LAPTOP-4RS618FU" failures="0" tests="8" name="Default test" time="33.952" errors="0" timestamp="2026-06-30T00:35:11 IST">
  <testcase classname="com.deepanshu.tests.LoginTest" name="invalidLogin" time="0.603"/>
  <testcase classname="com.deepanshu.tests.LoginTest" name="verifyLogin" time="0.624"/>
  <testcase classname="com.deepanshu.tests.LoginTest" name="verifyLogin" time="0.685"/>
  <testcase classname="com.deepanshu.tests.LoginTest" name="verifyLogin" time="0.579"/>
  <testcase classname="com.deepanshu.tests.LoginTest" name="verifyLogin" time="5.721"/>
  <testcase classname="com.deepanshu.tests.LoginTest" name="verifyLogin" time="0.605"/>
  <testcase classname="com.deepanshu.tests.LoginTest" name="verifyValidLogin" time="0.656"/>
  <testcase classname="com.deepanshu.tests.LaunchApplicationTest" name="verifyApplicationLaunch" time="0.017"/>
</testsuite> <!-- Default test -->
