<?xml version="1.0" encoding="UTF-8"?>
<testng-results ignored="0" total="8" passed="8" failed="0" skipped="0">
  <reporter-output>
  </reporter-output>
  <suite started-at="2026-06-30T00:34:37 IST" name="Default suite" finished-at="2026-06-30T00:35:11 IST" duration-ms="33952">
    <groups>
    </groups>
    <test started-at="2026-06-30T00:34:37 IST" name="Default test" finished-at="2026-06-30T00:35:11 IST" duration-ms="33952">
      <class name="com.deepanshu.tests.LoginTest">
        <test-method is-config="true" signature="setup()[pri:0, instance:com.deepanshu.tests.LoginTest@4d1c00d0]" started-at="2026-06-30T00:34:37 IST" name="setup" finished-at="2026-06-30T00:34:43 IST" duration-ms="5506" status="PASS">
          <reporter-output>
          </reporter-output>
        </test-method> <!-- setup -->
        <test-method signature="invalidLogin()[pri:0, instance:com.deepanshu.tests.LoginTest@4d1c00d0]" started-at="2026-06-30T00:34:43 IST" name="invalidLogin" finished-at="2026-06-30T00:34:43 IST" duration-ms="603" status="PASS">
          <reporter-output>
          </reporter-output>
        </test-method> <!-- invalidLogin -->
        <test-method is-config="true" signature="tearDown(org.testng.ITestResult)[pri:0, instance:com.deepanshu.tests.LoginTest@4d1c00d0]" started-at="2026-06-30T00:34:43 IST" name="tearDown" finished-at="2026-06-30T00:34:43 IST" duration-ms="279" status="PASS">
          <params>
            <param index="0">
              <value>
                <![CDATA[[TestResult name=invalidLogin status=SUCCESS method=LoginTest.invalidLogin()[pri:0, instance:com.deepanshu.tests.LoginTest@4d1c00d0] output={null}]]]>
              </value>
            </param>
          </params>
          <reporter-output>
          </reporter-output>
        </test-method> <!-- tearDown -->
        <test-method is-config="true" signature="setup()[pri:0, instance:com.deepanshu.tests.LoginTest@4d1c00d0]" started-at="2026-06-30T00:34:45 IST" name="setup" finished-at="2026-06-30T00:34:47 IST" duration-ms="2292" status="PASS">
          <reporter-output>
          </reporter-output>
        </test-method> <!-- setup -->
        <test-method signature="verifyLogin(java.lang.String,java.lang.String,java.lang.String)[pri:0, instance:com.deepanshu.tests.LoginTest@4d1c00d0]" started-at="2026-06-30T00:34:47 IST" name="verifyLogin" data-provider="LoginData" finished-at="2026-06-30T00:34:48 IST" duration-ms="624" status="PASS">
          <params>
            <param index="0">
              <value>
                <![CDATA[standard_user]]>
              </value>
            </param>
            <param index="1">
              <value>
                <![CDATA[secret_sauce]]>
              </value>
            </param>
            <param index="2">
              <value>
                <![CDATA[Pass]]>
              </value>
            </param>
          </params>
          <reporter-output>
          </reporter-output>
        </test-method> <!-- verifyLogin -->
        <test-method is-config="true" signature="tearDown(org.testng.ITestResult)[pri:0, instance:com.deepanshu.tests.LoginTest@4d1c00d0]" started-at="2026-06-30T00:34:48 IST" name="tearDown" finished-at="2026-06-30T00:34:48 IST" duration-ms="309" status="PASS">
          <params>
            <param index="0">
              <value>
                <![CDATA[[TestResult name=verifyLogin status=SUCCESS method=LoginTest.verifyLogin(java.lang.String,java.lang.String,java.lang.String)[pri:0, instance:com.deepanshu.tests.LoginTest@4d1c00d0] output={null}]]]>
              </value>
            </param>
          </params>
          <reporter-output>
          </reporter-output>
        </test-method> <!-- tearDown -->
        <test-method is-config="true" signature="setup()[pri:0, instance:com.deepanshu.tests.LoginTest@4d1c00d0]" started-at="2026-06-30T00:34:48 IST" name="setup" finished-at="2026-06-30T00:34:50 IST" duration-ms="2392" status="PASS">
          <reporter-output>
          </reporter-output>
        </test-method> <!-- setup -->
        <test-method signature="verifyLogin(java.lang.String,java.lang.String,java.lang.String)[pri:0, instance:com.deepanshu.tests.LoginTest@4d1c00d0]" started-at="2026-06-30T00:34:50 IST" name="verifyLogin" data-provider="LoginData" finished-at="2026-06-30T00:34:51 IST" duration-ms="685" status="PASS">
          <params>
            <param index="0">
              <value>
                <![CDATA[locked_out_user]]>
              </value>
            </param>
            <param index="1">
              <value>
                <![CDATA[secret_sauce]]>
              </value>
            </param>
            <param index="2">
              <value>
                <![CDATA[Fail]]>
              </value>
            </param>
          </params>
          <reporter-output>
          </reporter-output>
        </test-method> <!-- verifyLogin -->
        <test-method is-config="true" signature="tearDown(org.testng.ITestResult)[pri:0, instance:com.deepanshu.tests.LoginTest@4d1c00d0]" started-at="2026-06-30T00:34:51 IST" name="tearDown" finished-at="2026-06-30T00:34:51 IST" duration-ms="257" status="PASS">
          <params>
            <param index="0">
              <value>
                <![CDATA[[TestResult name=verifyLogin status=SUCCESS method=LoginTest.verifyLogin(java.lang.String,java.lang.String,java.lang.String)[pri:0, instance:com.deepanshu.tests.LoginTest@4d1c00d0] output={null}]]]>
              </value>
            </param>
          </params>
          <reporter-output>
          </reporter-output>
        </test-method> <!-- tearDown -->
        <test-method is-config="true" signature="setup()[pri:0, instance:com.deepanshu.tests.LoginTest@4d1c00d0]" started-at="2026-06-30T00:34:51 IST" name="setup" finished-at="2026-06-30T00:34:53 IST" duration-ms="2123" status="PASS">
          <reporter-output>
          </reporter-output>
        </test-method> <!-- setup -->
        <test-method signature="verifyLogin(java.lang.String,java.lang.String,java.lang.String)[pri:0, instance:com.deepanshu.tests.LoginTest@4d1c00d0]" started-at="2026-06-30T00:34:53 IST" name="verifyLogin" data-provider="LoginData" finished-at="2026-06-30T00:34:54 IST" duration-ms="579" status="PASS">
          <params>
            <param index="0">
              <value>
                <![CDATA[problem_user]]>
              </value>
            </param>
            <param index="1">
              <value>
                <![CDATA[secret_sauce]]>
              </value>
            </param>
            <param index="2">
              <value>
                <![CDATA[Pass]]>
              </value>
            </param>
          </params>
          <reporter-output>
          </reporter-output>
        </test-method> <!-- verifyLogin -->
        <test-method is-config="true" signature="tearDown(org.testng.ITestResult)[pri:0, instance:com.deepanshu.tests.LoginTest@4d1c00d0]" started-at="2026-06-30T00:34:54 IST" name="tearDown" finished-at="2026-06-30T00:34:54 IST" duration-ms="271" status="PASS">
          <params>
            <param index="0">
              <value>
                <![CDATA[[TestResult name=verifyLogin status=SUCCESS method=LoginTest.verifyLogin(java.lang.String,java.lang.String,java.lang.String)[pri:0, instance:com.deepanshu.tests.LoginTest@4d1c00d0] output={null}]]]>
              </value>
            </param>
          </params>
          <reporter-output>
          </reporter-output>
        </test-method> <!-- tearDown -->
        <test-method is-config="true" signature="setup()[pri:0, instance:com.deepanshu.tests.LoginTest@4d1c00d0]" started-at="2026-06-30T00:34:54 IST" name="setup" finished-at="2026-06-30T00:34:56 IST" duration-ms="2147" status="PASS">
          <reporter-output>
          </reporter-output>
        </test-method> <!-- setup -->
        <test-method signature="verifyLogin(java.lang.String,java.lang.String,java.lang.String)[pri:0, instance:com.deepanshu.tests.LoginTest@4d1c00d0]" started-at="2026-06-30T00:34:56 IST" name="verifyLogin" data-provider="LoginData" finished-at="2026-06-30T00:35:02 IST" duration-ms="5721" status="PASS">
          <params>
            <param index="0">
              <value>
                <![CDATA[performance_glitch_user]]>
              </value>
            </param>
            <param index="1">
              <value>
                <![CDATA[secret_sauce]]>
              </value>
            </param>
            <param index="2">
              <value>
                <![CDATA[Pass]]>
              </value>
            </param>
          </params>
          <reporter-output>
          </reporter-output>
        </test-method> <!-- verifyLogin -->
        <test-method is-config="true" signature="tearDown(org.testng.ITestResult)[pri:0, instance:com.deepanshu.tests.LoginTest@4d1c00d0]" started-at="2026-06-30T00:35:02 IST" name="tearDown" finished-at="2026-06-30T00:35:02 IST" duration-ms="318" status="PASS">
          <params>
            <param index="0">
              <value>
                <![CDATA[[TestResult name=verifyLogin status=SUCCESS method=LoginTest.verifyLogin(java.lang.String,java.lang.String,java.lang.String)[pri:0, instance:com.deepanshu.tests.LoginTest@4d1c00d0] output={null}]]]>
              </value>
            </param>
          </params>
          <reporter-output>
          </reporter-output>
        </test-method> <!-- tearDown -->
        <test-method is-config="true" signature="setup()[pri:0, instance:com.deepanshu.tests.LoginTest@4d1c00d0]" started-at="2026-06-30T00:35:02 IST" name="setup" finished-at="2026-06-30T00:35:05 IST" duration-ms="2293" status="PASS">
          <reporter-output>
          </reporter-output>
        </test-method> <!-- setup -->
        <test-method signature="verifyLogin(java.lang.String,java.lang.String,java.lang.String)[pri:0, instance:com.deepanshu.tests.LoginTest@4d1c00d0]" started-at="2026-06-30T00:35:05 IST" name="verifyLogin" data-provider="LoginData" finished-at="2026-06-30T00:35:05 IST" duration-ms="605" status="PASS">
          <params>
            <param index="0">
              <value>
                <![CDATA[abc]]>
              </value>
            </param>
            <param index="1">
              <value>
                <![CDATA[xyz]]>
              </value>
            </param>
            <param index="2">
              <value>
                <![CDATA[Fail]]>
              </value>
            </param>
          </params>
          <reporter-output>
          </reporter-output>
        </test-method> <!-- verifyLogin -->
        <test-method is-config="true" signature="tearDown(org.testng.ITestResult)[pri:0, instance:com.deepanshu.tests.LoginTest@4d1c00d0]" started-at="2026-06-30T00:35:05 IST" name="tearDown" finished-at="2026-06-30T00:35:06 IST" duration-ms="260" status="PASS">
          <params>
            <param index="0">
              <value>
                <![CDATA[[TestResult name=verifyLogin status=SUCCESS method=LoginTest.verifyLogin(java.lang.String,java.lang.String,java.lang.String)[pri:0, instance:com.deepanshu.tests.LoginTest@4d1c00d0] output={null}]]]>
              </value>
            </param>
          </params>
          <reporter-output>
          </reporter-output>
        </test-method> <!-- tearDown -->
        <test-method is-config="true" signature="setup()[pri:0, instance:com.deepanshu.tests.LoginTest@4d1c00d0]" started-at="2026-06-30T00:35:06 IST" name="setup" finished-at="2026-06-30T00:35:08 IST" duration-ms="2132" status="PASS">
          <reporter-output>
          </reporter-output>
        </test-method> <!-- setup -->
        <test-method signature="verifyValidLogin()[pri:0, instance:com.deepanshu.tests.LoginTest@4d1c00d0]" started-at="2026-06-30T00:35:08 IST" name="verifyValidLogin" finished-at="2026-06-30T00:35:08 IST" duration-ms="656" status="PASS">
          <reporter-output>
          </reporter-output>
        </test-method> <!-- verifyValidLogin -->
        <test-method is-config="true" signature="tearDown(org.testng.ITestResult)[pri:0, instance:com.deepanshu.tests.LoginTest@4d1c00d0]" started-at="2026-06-30T00:35:08 IST" name="tearDown" finished-at="2026-06-30T00:35:09 IST" duration-ms="252" status="PASS">
          <params>
            <param index="0">
              <value>
                <![CDATA[[TestResult name=verifyValidLogin status=SUCCESS method=LoginTest.verifyValidLogin()[pri:0, instance:com.deepanshu.tests.LoginTest@4d1c00d0] output={null}]]]>
              </value>
            </param>
          </params>
          <reporter-output>
          </reporter-output>
        </test-method> <!-- tearDown -->
      </class> <!-- com.deepanshu.tests.LoginTest -->
      <class name="com.deepanshu.tests.LaunchApplicationTest">
        <test-method is-config="true" signature="setup()[pri:0, instance:com.deepanshu.tests.LaunchApplicationTest@69453e37]" started-at="2026-06-30T00:35:09 IST" name="setup" finished-at="2026-06-30T00:35:11 IST" duration-ms="2086" status="PASS">
          <reporter-output>
          </reporter-output>
        </test-method> <!-- setup -->
        <test-method signature="verifyApplicationLaunch()[pri:0, instance:com.deepanshu.tests.LaunchApplicationTest@69453e37]" started-at="2026-06-30T00:35:11 IST" name="verifyApplicationLaunch" finished-at="2026-06-30T00:35:11 IST" duration-ms="17" status="PASS">
          <reporter-output>
          </reporter-output>
        </test-method> <!-- verifyApplicationLaunch -->
        <test-method is-config="true" signature="tearDown(org.testng.ITestResult)[pri:0, instance:com.deepanshu.tests.LaunchApplicationTest@69453e37]" started-at="2026-06-30T00:35:11 IST" name="tearDown" finished-at="2026-06-30T00:35:11 IST" duration-ms="248" status="PASS">
          <params>
            <param index="0">
              <value>
                <![CDATA[[TestResult name=verifyApplicationLaunch status=SUCCESS method=LaunchApplicationTest.verifyApplicationLaunch()[pri:0, instance:com.deepanshu.tests.LaunchApplicationTest@69453e37] output={null}]]]>
              </value>
            </param>
          </params>
          <reporter-output>
          </reporter-output>
        </test-method> <!-- tearDown -->
      </class> <!-- com.deepanshu.tests.LaunchApplicationTest -->
    </test> <!-- Default test -->
  </suite> <!-- Default suite -->
</testng-results>
