<?xml version="1.0" encoding="UTF-8"?>
<!-- Generated by org.testng.reporters.JUnitReportReporter -->
<testsuite hostname="LAPTOP-4RS618FU" failures="0" tests="7" name="com.deepanshu.tests.LoginTest" time="30.304" errors="0" timestamp="2026-06-30T00:35:11 IST" skipped="0">
  <testcase classname="com.deepanshu.tests.LoginTest" name="verifyValidLogin" time="3.357"/>
  <testcase classname="com.deepanshu.tests.LoginTest" name="verifyLogin" time="8.186"/>
  <testcase classname="com.deepanshu.tests.LoginTest" name="verifyLogin" time="3.068"/>
  <testcase classname="com.deepanshu.tests.LoginTest" name="verifyLogin" time="3.013"/>
  <testcase classname="com.deepanshu.tests.LoginTest" name="invalidLogin" time="3.148"/>
  <testcase classname="com.deepanshu.tests.LoginTest" name="verifyLogin" time="6.356"/>
  <testcase classname="com.deepanshu.tests.LoginTest" name="verifyLogin" time="3.176"/>
</testsuite> <!-- com.deepanshu.tests.LoginTest -->
